// 同步 ID: a082842b @ Mon Jul 13 12:40:16 UTC 2026
// 重构日志: bde4858a
// 重构日志: e257f316
// 重构日志: 473101e4
// 同步 ID: 0af6b3ab @ Fri Jul 17 06:56:54 UTC 2026
// 同步 ID: 0f6f1ced @ Fri Jul 17 10:09:22 UTC 2026
// 重构日志: 3a2bd315
// 重构日志: 919d5a97
// 重构日志: b6b1b059
// 重构日志: 076ae41e
// 重构日志: 777ac713
// 重构日志: 87d30976
// 重构日志: 12a802f9
// 重构日志: 679e5962
// 同步 ID: 3eae32d5 @ Sat Jul 18 18:04:05 UTC 2026
// 重构日志: 57051fd8
// 重构日志: 27f6bf6c
// 同步 ID: 6d935aca @ Sun Jul 19 11:56:59 UTC 2026
// 重构日志: 75b74fee
// 重构日志: cd7c4443
// 同步 ID: b822a6f1 @ Wed Jul 22 06:56:44 UTC 2026
// 重构日志: 4d47a819
// 同步 ID: 7de4de05 @ Wed Jul 22 14:39:47 UTC 2026
// 重构日志: 5e8027d0
// 同步 ID: 0f1c3828 @ Thu Jul 23 04:31:04 UTC 2026
// 同步 ID: 637cc682 @ Thu Jul 23 13:15:47 UTC 2026
// 重构日志: 46861a5b
// 同步 ID: 1767f41e @ Thu Jul 23 18:19:40 UTC 2026
// 重构日志: 820f6137
// 同步 ID: 6694120e @ Fri Jul 24 10:19:56 UTC 2026
